<?xml version="1.0" encoding="UTF-8"?>
<testsuite name="study.data_jpa.DataJpaApplicationTests" tests="1" skipped="0" failures="0" errors="0" timestamp="2024-11-04T13:11:13" hostname="Plitche-MAC.local" time="0.418">
  <properties/>
  <testcase name="contextLoads()" classname="study.data_jpa.DataJpaApplicationTests" time="0.418"/>
  <system-out><![CDATA[22:11:11.937 [Test worker] INFO org.springframework.test.context.support.AnnotationConfigContextLoaderUtils -- Could not detect default configuration classes for test class [study.data_jpa.DataJpaApplicationTests]: DataJpaApplicationTests does not declare any static, non-private, non-final, nested classes annotated with @Configuration.
22:11:11.989 [Test worker] INFO org.springframework.boot.test.context.SpringBootTestContextBootstrapper -- Found @SpringBootConfiguration study.data_jpa.DataJpaApplication for test class study.data_jpa.DataJpaApplicationTests

  .   ____          _            __ _ _
 /\\ / ___'_ __ _ _(_)_ __  __ _ \ \ \ \
( ( )\___ | '_ | '_| | '_ \/ _` | \ \ \ \
 \\/  ___)| |_)| | | | | || (_| |  ) ) ) )
  '  |____| .__|_| |_|_| |_\__, | / / / /
 =========|_|==============|___/=/_/_/_/
 :: Spring Boot ::               (v3.2.11)

2024-11-04T22:11:12.181+09:00  INFO 2265 --- [data-jpa] [    Test worker] study.data_jpa.DataJpaApplicationTests   : Starting DataJpaApplicationTests using Java 17.0.12 with PID 2265 (started by plitche in /Users/plitche/Dev/Lecture/Inflearn/JPA/DATA_JPA)
2024-11-04T22:11:12.182+09:00  INFO 2265 --- [data-jpa] [    Test worker] study.data_jpa.DataJpaApplicationTests   : No active profile set, falling back to 1 default profile: "default"
2024-11-04T22:11:12.473+09:00  INFO 2265 --- [data-jpa] [    Test worker] .s.d.r.c.RepositoryConfigurationDelegate : Bootstrapping Spring Data JPA repositories in DEFAULT mode.
2024-11-04T22:11:12.482+09:00  INFO 2265 --- [data-jpa] [    Test worker] .s.d.r.c.RepositoryConfigurationDelegate : Finished Spring Data repository scanning in 5 ms. Found 0 JPA repository interfaces.
2024-11-04T22:11:12.665+09:00  INFO 2265 --- [data-jpa] [    Test worker] com.zaxxer.hikari.HikariDataSource       : HikariPool-1 - Starting...
2024-11-04T22:11:12.752+09:00  INFO 2265 --- [data-jpa] [    Test worker] com.zaxxer.hikari.pool.HikariPool        : HikariPool-1 - Added connection conn0: url=jdbc:h2:mem:7430c420-1f26-40c0-a348-e5f90d2f5f4b user=SA
2024-11-04T22:11:12.753+09:00  INFO 2265 --- [data-jpa] [    Test worker] com.zaxxer.hikari.HikariDataSource       : HikariPool-1 - Start completed.
2024-11-04T22:11:12.783+09:00  INFO 2265 --- [data-jpa] [    Test worker] o.hibernate.jpa.internal.util.LogHelper  : HHH000204: Processing PersistenceUnitInfo [name: default]
2024-11-04T22:11:12.819+09:00  INFO 2265 --- [data-jpa] [    Test worker] org.hibernate.Version                    : HHH000412: Hibernate ORM core version 6.4.10.Final
2024-11-04T22:11:12.836+09:00  INFO 2265 --- [data-jpa] [    Test worker] o.h.c.internal.RegionFactoryInitiator    : HHH000026: Second-level cache disabled
2024-11-04T22:11:12.951+09:00  INFO 2265 --- [data-jpa] [    Test worker] o.s.o.j.p.SpringPersistenceUnitInfo      : No LoadTimeWeaver setup: ignoring JPA class transformer
2024-11-04T22:11:13.135+09:00  INFO 2265 --- [data-jpa] [    Test worker] o.h.e.t.j.p.i.JtaPlatformInitiator       : HHH000489: No JTA platform available (set 'hibernate.transaction.jta.platform' to enable JTA platform integration)
2024-11-04T22:11:13.138+09:00  INFO 2265 --- [data-jpa] [    Test worker] j.LocalContainerEntityManagerFactoryBean : Initialized JPA EntityManagerFactory for persistence unit 'default'
2024-11-04T22:11:13.216+09:00  WARN 2265 --- [data-jpa] [    Test worker] JpaBaseConfiguration$JpaWebConfiguration : spring.jpa.open-in-view is enabled by default. Therefore, database queries may be performed during view rendering. Explicitly configure spring.jpa.open-in-view to disable this warning
2024-11-04T22:11:13.430+09:00  INFO 2265 --- [data-jpa] [    Test worker] study.data_jpa.DataJpaApplicationTests   : Started DataJpaApplicationTests in 1.363 seconds (process running for 1.961)
]]></system-out>
  <system-err><![CDATA[]]></system-err>
</testsuite>
